{"name":"Log","hostname":"668cfd4ea5c8","pid":1,"level":30,"version":"5.94.2","msg":"Ghost is running in production...","time":"2024-09-25T00:22:04.676Z","v":0}
{"name":"Log","hostname":"668cfd4ea5c8","pid":1,"level":30,"version":"5.94.2","msg":"Your site is now available on http://localhost:2368/","time":"2024-09-25T00:22:04.688Z","v":0}
{"name":"Log","hostname":"668cfd4ea5c8","pid":1,"level":30,"version":"5.94.2","msg":"Ctrl+C to shut down","time":"2024-09-25T00:22:04.703Z","v":0}
{"name":"Log","hostname":"668cfd4ea5c8","pid":1,"level":30,"version":"5.94.2","msg":"Ghost server started in 4.067s","time":"2024-09-25T00:22:04.714Z","v":0}
{"name":"Log","hostname":"668cfd4ea5c8","pid":1,"level":50,"version":"5.94.2","err":{"id":500,"domain":"http://localhost:2368","code":"ECONNREFUSED","name":"DatabaseError","statusCode":500,"level":"critical","message":"connect ECONNREFUSED 172.18.0.2:3306","help":"\"Unknown database error\"","stack":"Error: connect ECONNREFUSED 172.18.0.2:3306\n    at /var/lib/ghost/versions/5.94.2/node_modules/knex-migrator/lib/database.js:57:19\n    at TCPConnectWrap.afterConnect [as oncomplete] (node:net:1555:16)","hideStack":false},"msg":"connect ECONNREFUSED 172.18.0.2:3306","time":"2024-09-25T00:22:05.549Z","v":0}
{"name":"Log","hostname":"668cfd4ea5c8","pid":1,"level":40,"version":"5.94.2","msg":"Ghost is shutting down","time":"2024-09-25T00:22:05.551Z","v":0}
{"name":"Log","hostname":"668cfd4ea5c8","pid":1,"level":40,"version":"5.94.2","msg":"Ghost has shut down","time":"2024-09-25T00:22:05.555Z","v":0}
{"name":"Log","hostname":"668cfd4ea5c8","pid":1,"level":40,"version":"5.94.2","msg":"Your site is now offline","time":"2024-09-25T00:22:05.556Z","v":0}
{"name":"Log","hostname":"668cfd4ea5c8","pid":1,"level":40,"version":"5.94.2","msg":"Ghost was running for a few seconds","time":"2024-09-25T00:22:05.559Z","v":0}
{"name":"Log","hostname":"668cfd4ea5c8","pid":1,"level":30,"version":"5.94.2","msg":"Ghost is running in production...","time":"2024-09-25T00:22:10.551Z","v":0}
{"name":"Log","hostname":"668cfd4ea5c8","pid":1,"level":30,"version":"5.94.2","msg":"Your site is now available on http://localhost:2368/","time":"2024-09-25T00:22:10.559Z","v":0}
{"name":"Log","hostname":"668cfd4ea5c8","pid":1,"level":30,"version":"5.94.2","msg":"Ctrl+C to shut down","time":"2024-09-25T00:22:10.563Z","v":0}
{"name":"Log","hostname":"668cfd4ea5c8","pid":1,"level":30,"version":"5.94.2","msg":"Ghost server started in 2.795s","time":"2024-09-25T00:22:10.564Z","v":0}
{"name":"Log","hostname":"668cfd4ea5c8","pid":1,"level":40,"version":"5.94.2","msg":"Database state requires initialisation.","time":"2024-09-25T00:22:11.236Z","v":0}
{"name":"Log","hostname":"668cfd4ea5c8","pid":1,"level":30,"version":"5.94.2","msg":"Creating table: newsletters","time":"2024-09-25T00:22:12.330Z","v":0}
{"name":"Log","hostname":"668cfd4ea5c8","pid":1,"level":30,"version":"5.94.2","msg":"Creating table: posts","time":"2024-09-25T00:22:12.684Z","v":0}
{"name":"Log","hostname":"668cfd4ea5c8","pid":1,"level":30,"version":"5.94.2","msg":"Creating table: posts_meta","time":"2024-09-25T00:22:13.004Z","v":0}
{"name":"Log","hostname":"668cfd4ea5c8","pid":1,"level":30,"version":"5.94.2","msg":"Creating table: users","time":"2024-09-25T00:22:13.175Z","v":0}
{"name":"Log","hostname":"668cfd4ea5c8","pid":1,"level":30,"version":"5.94.2","msg":"Creating table: posts_authors","time":"2024-09-25T00:22:13.289Z","v":0}
{"name":"Log","hostname":"668cfd4ea5c8","pid":1,"level":30,"version":"5.94.2","msg":"Creating table: roles","time":"2024-09-25T00:22:13.539Z","v":0}
{"name":"Log","hostname":"668cfd4ea5c8","pid":1,"level":30,"version":"5.94.2","msg":"Creating table: roles_users","time":"2024-09-25T00:22:13.608Z","v":0}
{"name":"Log","hostname":"668cfd4ea5c8","pid":1,"level":30,"version":"5.94.2","msg":"Creating table: permissions","time":"2024-09-25T00:22:13.641Z","v":0}
{"name":"Log","hostname":"668cfd4ea5c8","pid":1,"level":30,"version":"5.94.2","msg":"Creating table: permissions_users","time":"2024-09-25T00:22:13.697Z","v":0}
{"name":"Log","hostname":"668cfd4ea5c8","pid":1,"level":30,"version":"5.94.2","msg":"Creating table: permissions_roles","time":"2024-09-25T00:22:13.750Z","v":0}
{"name":"Log","hostname":"668cfd4ea5c8","pid":1,"level":30,"version":"5.94.2","msg":"Creating table: settings","time":"2024-09-25T00:22:13.782Z","v":0}
{"name":"Log","hostname":"668cfd4ea5c8","pid":1,"level":30,"version":"5.94.2","msg":"Creating table: tags","time":"2024-09-25T00:22:13.858Z","v":0}
{"name":"Log","hostname":"668cfd4ea5c8","pid":1,"level":30,"version":"5.94.2","msg":"Creating table: posts_tags","time":"2024-09-25T00:22:13.922Z","v":0}
{"name":"Log","hostname":"668cfd4ea5c8","pid":1,"level":30,"version":"5.94.2","msg":"Creating table: invites","time":"2024-09-25T00:22:14.163Z","v":0}
{"name":"Log","hostname":"668cfd4ea5c8","pid":1,"level":30,"version":"5.94.2","msg":"Creating table: brute","time":"2024-09-25T00:22:14.284Z","v":0}
{"name":"Log","hostname":"668cfd4ea5c8","pid":1,"level":30,"version":"5.94.2","msg":"Creating table: sessions","time":"2024-09-25T00:22:14.324Z","v":0}
{"name":"Log","hostname":"668cfd4ea5c8","pid":1,"level":30,"version":"5.94.2","msg":"Creating table: integrations","time":"2024-09-25T00:22:14.395Z","v":0}
{"name":"Log","hostname":"668cfd4ea5c8","pid":1,"level":30,"version":"5.94.2","msg":"Creating table: webhooks","time":"2024-09-25T00:22:14.479Z","v":0}
{"name":"Log","hostname":"668cfd4ea5c8","pid":1,"level":30,"version":"5.94.2","msg":"Creating table: api_keys","time":"2024-09-25T00:22:14.622Z","v":0}
{"name":"Log","hostname":"668cfd4ea5c8","pid":1,"level":30,"version":"5.94.2","msg":"Creating table: mobiledoc_revisions","time":"2024-09-25T00:22:14.712Z","v":0}
{"name":"Log","hostname":"668cfd4ea5c8","pid":1,"level":30,"version":"5.94.2","msg":"Creating table: post_revisions","time":"2024-09-25T00:22:14.788Z","v":0}
{"name":"Log","hostname":"668cfd4ea5c8","pid":1,"level":30,"version":"5.94.2","msg":"Creating table: members","time":"2024-09-25T00:22:14.945Z","v":0}
{"name":"Log","hostname":"668cfd4ea5c8","pid":1,"level":30,"version":"5.94.2","msg":"Creating table: products","time":"2024-09-25T00:22:15.125Z","v":0}
{"name":"Log","hostname":"668cfd4ea5c8","pid":1,"level":30,"version":"5.94.2","msg":"Creating table: offers","time":"2024-09-25T00:22:15.205Z","v":0}
{"name":"Log","hostname":"668cfd4ea5c8","pid":1,"level":30,"version":"5.94.2","msg":"Creating table: benefits","time":"2024-09-25T00:22:15.481Z","v":0}
{"name":"Log","hostname":"668cfd4ea5c8","pid":1,"level":30,"version":"5.94.2","msg":"Creating table: products_benefits","time":"2024-09-25T00:22:15.557Z","v":0}
{"name":"Log","hostname":"668cfd4ea5c8","pid":1,"level":30,"version":"5.94.2","msg":"Creating table: members_products","time":"2024-09-25T00:22:15.782Z","v":0}
{"name":"Log","hostname":"668cfd4ea5c8","pid":1,"level":30,"version":"5.94.2","msg":"Creating table: posts_products","time":"2024-09-25T00:22:16.025Z","v":0}
{"name":"Log","hostname":"668cfd4ea5c8","pid":1,"level":30,"version":"5.94.2","msg":"Creating table: members_created_events","time":"2024-09-25T00:22:16.299Z","v":0}
{"name":"Log","hostname":"668cfd4ea5c8","pid":1,"level":30,"version":"5.94.2","msg":"Creating table: members_cancel_events","time":"2024-09-25T00:22:16.478Z","v":0}
{"name":"Log","hostname":"668cfd4ea5c8","pid":1,"level":30,"version":"5.94.2","msg":"Creating table: members_payment_events","time":"2024-09-25T00:22:16.586Z","v":0}
{"name":"Log","hostname":"668cfd4ea5c8","pid":1,"level":30,"version":"5.94.2","msg":"Creating table: members_login_events","time":"2024-09-25T00:22:16.693Z","v":0}
{"name":"Log","hostname":"668cfd4ea5c8","pid":1,"level":30,"version":"5.94.2","msg":"Creating table: members_email_change_events","time":"2024-09-25T00:22:16.842Z","v":0}
{"name":"Log","hostname":"668cfd4ea5c8","pid":1,"level":30,"version":"5.94.2","msg":"Creating table: members_status_events","time":"2024-09-25T00:22:17.010Z","v":0}
{"name":"Log","hostname":"668cfd4ea5c8","pid":1,"level":30,"version":"5.94.2","msg":"Creating table: members_product_events","time":"2024-09-25T00:22:17.129Z","v":0}
{"name":"Log","hostname":"668cfd4ea5c8","pid":1,"level":30,"version":"5.94.2","msg":"Creating table: members_paid_subscription_events","time":"2024-09-25T00:22:17.418Z","v":0}
{"name":"Log","hostname":"668cfd4ea5c8","pid":1,"level":30,"version":"5.94.2","msg":"Creating table: labels","time":"2024-09-25T00:22:17.565Z","v":0}
{"name":"Log","hostname":"668cfd4ea5c8","pid":1,"level":30,"version":"5.94.2","msg":"Creating table: members_labels","time":"2024-09-25T00:22:17.667Z","v":0}
{"name":"Log","hostname":"668cfd4ea5c8","pid":1,"level":30,"version":"5.94.2","msg":"Creating table: members_stripe_customers","time":"2024-09-25T00:22:17.978Z","v":0}
{"name":"Log","hostname":"668cfd4ea5c8","pid":1,"level":30,"version":"5.94.2","msg":"Creating table: subscriptions","time":"2024-09-25T00:22:18.176Z","v":0}
{"name":"Log","hostname":"668cfd4ea5c8","pid":1,"level":30,"version":"5.94.2","msg":"Creating table: members_stripe_customers_subscriptions","time":"2024-09-25T00:22:18.661Z","v":0}
{"name":"Log","hostname":"668cfd4ea5c8","pid":1,"level":30,"version":"5.94.2","msg":"Creating table: members_subscription_created_events","time":"2024-09-25T00:22:19.353Z","v":0}
{"name":"Log","hostname":"668cfd4ea5c8","pid":1,"level":30,"version":"5.94.2","msg":"Creating table: offer_redemptions","time":"2024-09-25T00:22:19.719Z","v":0}
{"name":"Log","hostname":"668cfd4ea5c8","pid":1,"level":30,"version":"5.94.2","msg":"Creating table: members_subscribe_events","time":"2024-09-25T00:22:20.184Z","v":0}
{"name":"Log","hostname":"668cfd4ea5c8","pid":1,"level":30,"version":"5.94.2","msg":"Creating table: donation_payment_events","time":"2024-09-25T00:22:20.486Z","v":0}
{"name":"Log","hostname":"668cfd4ea5c8","pid":1,"level":30,"version":"5.94.2","msg":"Creating table: stripe_products","time":"2024-09-25T00:22:20.670Z","v":0}
{"name":"Log","hostname":"668cfd4ea5c8","pid":1,"level":30,"version":"5.94.2","msg":"Creating table: stripe_prices","time":"2024-09-25T00:22:20.918Z","v":0}
{"name":"Log","hostname":"668cfd4ea5c8","pid":1,"level":30,"version":"5.94.2","msg":"Creating table: actions","time":"2024-09-25T00:22:21.128Z","v":0}
{"name":"Log","hostname":"668cfd4ea5c8","pid":1,"level":30,"version":"5.94.2","msg":"Creating table: emails","time":"2024-09-25T00:22:21.180Z","v":0}
{"name":"Log","hostname":"668cfd4ea5c8","pid":1,"level":30,"version":"5.94.2","msg":"Creating table: email_batches","time":"2024-09-25T00:22:21.478Z","v":0}
{"name":"Log","hostname":"668cfd4ea5c8","pid":1,"level":30,"version":"5.94.2","msg":"Creating table: email_recipients","time":"2024-09-25T00:22:21.671Z","v":0}
{"name":"Log","hostname":"668cfd4ea5c8","pid":1,"level":30,"version":"5.94.2","msg":"Creating table: email_recipient_failures","time":"2024-09-25T00:22:22.164Z","v":0}
{"name":"Log","hostname":"668cfd4ea5c8","pid":1,"level":30,"version":"5.94.2","msg":"Creating table: tokens","time":"2024-09-25T00:22:22.426Z","v":0}
{"name":"Log","hostname":"668cfd4ea5c8","pid":1,"level":30,"version":"5.94.2","msg":"Creating table: snippets","time":"2024-09-25T00:22:22.490Z","v":0}
{"name":"Log","hostname":"668cfd4ea5c8","pid":1,"level":30,"version":"5.94.2","msg":"Creating table: custom_theme_settings","time":"2024-09-25T00:22:22.559Z","v":0}
{"name":"Log","hostname":"668cfd4ea5c8","pid":1,"level":30,"version":"5.94.2","msg":"Creating table: members_newsletters","time":"2024-09-25T00:22:22.605Z","v":0}
{"name":"Log","hostname":"668cfd4ea5c8","pid":1,"level":30,"version":"5.94.2","msg":"Creating table: comments","time":"2024-09-25T00:22:22.919Z","v":0}
{"name":"Log","hostname":"668cfd4ea5c8","pid":1,"level":30,"version":"5.94.2","msg":"Creating table: comment_likes","time":"2024-09-25T00:22:23.331Z","v":0}
{"name":"Log","hostname":"668cfd4ea5c8","pid":1,"level":30,"version":"5.94.2","msg":"Creating table: comment_reports","time":"2024-09-25T00:22:23.634Z","v":0}
{"name":"Log","hostname":"668cfd4ea5c8","pid":1,"level":30,"version":"5.94.2","msg":"Creating table: jobs","time":"2024-09-25T00:22:23.966Z","v":0}
{"name":"Log","hostname":"668cfd4ea5c8","pid":1,"level":30,"version":"5.94.2","msg":"Creating table: redirects","time":"2024-09-25T00:22:24.058Z","v":0}
{"name":"Log","hostname":"668cfd4ea5c8","pid":1,"level":30,"version":"5.94.2","msg":"Creating table: members_click_events","time":"2024-09-25T00:22:24.240Z","v":0}
{"name":"Log","hostname":"668cfd4ea5c8","pid":1,"level":30,"version":"5.94.2","msg":"Creating table: members_feedback","time":"2024-09-25T00:22:24.534Z","v":0}
{"name":"Log","hostname":"668cfd4ea5c8","pid":1,"level":30,"version":"5.94.2","msg":"Creating table: suppressions","time":"2024-09-25T00:22:24.832Z","v":0}
{"name":"Log","hostname":"668cfd4ea5c8","pid":1,"level":30,"version":"5.94.2","msg":"Creating table: email_spam_complaint_events","time":"2024-09-25T00:22:25.028Z","v":0}
{"name":"Log","hostname":"668cfd4ea5c8","pid":1,"level":30,"version":"5.94.2","msg":"Creating table: mentions","time":"2024-09-25T00:22:25.408Z","v":0}
{"name":"Log","hostname":"668cfd4ea5c8","pid":1,"level":30,"version":"5.94.2","msg":"Creating table: milestones","time":"2024-09-25T00:22:25.461Z","v":0}
{"name":"Log","hostname":"668cfd4ea5c8","pid":1,"level":30,"version":"5.94.2","msg":"Creating table: temp_mail_events","time":"2024-09-25T00:22:25.500Z","v":0}
{"name":"Log","hostname":"668cfd4ea5c8","pid":1,"level":30,"version":"5.94.2","msg":"Creating table: collections","time":"2024-09-25T00:22:25.551Z","v":0}
{"name":"Log","hostname":"668cfd4ea5c8","pid":1,"level":30,"version":"5.94.2","msg":"Creating table: collections_posts","time":"2024-09-25T00:22:25.632Z","v":0}
{"name":"Log","hostname":"668cfd4ea5c8","pid":1,"level":30,"version":"5.94.2","msg":"Creating table: recommendations","time":"2024-09-25T00:22:25.908Z","v":0}
{"name":"Log","hostname":"668cfd4ea5c8","pid":1,"level":30,"version":"5.94.2","msg":"Creating table: recommendation_click_events","time":"2024-09-25T00:22:25.957Z","v":0}
{"name":"Log","hostname":"668cfd4ea5c8","pid":1,"level":30,"version":"5.94.2","msg":"Creating table: recommendation_subscribe_events","time":"2024-09-25T00:22:26.240Z","v":0}
{"name":"Log","hostname":"668cfd4ea5c8","pid":1,"level":30,"version":"5.94.2","msg":"Model: Collection","time":"2024-09-25T00:22:27.379Z","v":0}
{"name":"Log","hostname":"668cfd4ea5c8","pid":1,"level":30,"version":"5.94.2","msg":"Model: Product","time":"2024-09-25T00:22:27.391Z","v":0}
{"name":"Log","hostname":"668cfd4ea5c8","pid":1,"level":30,"version":"5.94.2","msg":"Model: Newsletter","time":"2024-09-25T00:22:27.406Z","v":0}
{"name":"Log","hostname":"668cfd4ea5c8","pid":1,"level":30,"version":"5.94.2","msg":"Model: Tag","time":"2024-09-25T00:22:27.417Z","v":0}
{"name":"Log","hostname":"668cfd4ea5c8","pid":1,"level":30,"version":"5.94.2","msg":"Model: Permission","time":"2024-09-25T00:22:27.426Z","v":0}
{"name":"Log","hostname":"668cfd4ea5c8","pid":1,"level":30,"version":"5.94.2","msg":"Model: Post","time":"2024-09-25T00:22:27.807Z","v":0}
{"name":"Log","hostname":"668cfd4ea5c8","pid":1,"level":30,"version":"5.94.2","msg":"Model: Integration","time":"2024-09-25T00:22:29.102Z","v":0}
{"name":"Log","hostname":"668cfd4ea5c8","pid":1,"level":30,"version":"5.94.2","msg":"Relation: Role to Permission","time":"2024-09-25T00:22:29.266Z","v":0}
{"name":"Log","hostname":"668cfd4ea5c8","pid":1,"level":30,"version":"5.94.2","msg":"Relation: Post to Tag","time":"2024-09-25T00:22:30.222Z","v":0}
{"name":"Log","hostname":"668cfd4ea5c8","pid":1,"level":30,"version":"5.94.2","msg":"Database is in a ready state.","time":"2024-09-25T00:22:30.609Z","v":0}
{"name":"Log","hostname":"668cfd4ea5c8","pid":1,"level":30,"version":"5.94.2","msg":"Ghost database ready in 22.848s","time":"2024-09-25T00:22:30.617Z","v":0}
{"name":"Log","hostname":"668cfd4ea5c8","pid":1,"level":40,"version":"5.94.2","msg":"Missing mail.from config, falling back to a generated email address. Please update your config file and set a valid from address","time":"2024-09-25T00:22:31.369Z","v":0}
{"name":"Log","hostname":"668cfd4ea5c8","pid":1,"level":30,"version":"5.94.2","msg":"Ghost URL Service Ready in 28.206s","time":"2024-09-25T00:22:35.976Z","v":0}
{"name":"Log","hostname":"668cfd4ea5c8","pid":1,"level":30,"version":"5.94.2","msg":"Adding offloaded job to the queue","time":"2024-09-25T00:22:36.364Z","v":0}
{"name":"Log","hostname":"668cfd4ea5c8","pid":1,"level":30,"version":"5.94.2","msg":"Scheduling job mentions-email-report at 29 34 * * * *. Next run on: Wed Sep 25 2024 00:34:29 GMT+0000 (Coordinated Universal Time)","time":"2024-09-25T00:22:36.379Z","v":0}
{"name":"Log","hostname":"668cfd4ea5c8","pid":1,"level":30,"version":"5.94.2","msg":"Adding one-off job to queue with current length = 0 called 'members-migrations'","time":"2024-09-25T00:22:37.408Z","v":0}
{"name":"Log","hostname":"668cfd4ea5c8","pid":1,"level":30,"version":"5.94.2","msg":"Stripe not configured - skipping migrations","time":"2024-09-25T00:22:37.430Z","v":0}
{"name":"Log","hostname":"668cfd4ea5c8","pid":1,"level":30,"version":"5.94.2","msg":"Adding offloaded job to the queue","time":"2024-09-25T00:22:37.843Z","v":0}
{"name":"Log","hostname":"668cfd4ea5c8","pid":1,"level":30,"version":"5.94.2","msg":"Scheduling job clean-expired-comped at 11 36 2 * * *. Next run on: Wed Sep 25 2024 02:36:11 GMT+0000 (Coordinated Universal Time)","time":"2024-09-25T00:22:37.859Z","v":0}
{"name":"Log","hostname":"668cfd4ea5c8","pid":1,"level":30,"version":"5.94.2","msg":"Adding offloaded job to the queue","time":"2024-09-25T00:22:37.880Z","v":0}
{"name":"Log","hostname":"668cfd4ea5c8","pid":1,"level":30,"version":"5.94.2","msg":"Scheduling job clean-tokens at 52 18 12 * * *. Next run on: Wed Sep 25 2024 12:18:52 GMT+0000 (Coordinated Universal Time)","time":"2024-09-25T00:22:37.891Z","v":0}
{"name":"Log","hostname":"668cfd4ea5c8","pid":1,"level":30,"version":"5.94.2","msg":"Ghost booted in 30.148s","time":"2024-09-25T00:22:37.916Z","v":0}
{"name":"Log","hostname":"668cfd4ea5c8","pid":1,"level":30,"version":"5.94.2","msg":"Adding offloaded job to the queue","time":"2024-09-25T00:22:37.953Z","v":0}
{"name":"Log","hostname":"668cfd4ea5c8","pid":1,"level":30,"version":"5.94.2","msg":"Scheduling job update-check at 27 18 9 * * *. Next run on: Wed Sep 25 2024 09:18:27 GMT+0000 (Coordinated Universal Time)","time":"2024-09-25T00:22:37.965Z","v":0}
{"name":"Log","hostname":"668cfd4ea5c8","pid":1,"level":30,"version":"5.94.2","msg":"Running milestone emails job on Wed Sep 25 2024 00:22:37 GMT+0000 (Coordinated Universal Time)","time":"2024-09-25T00:22:37.997Z","v":0}
{"name":"Log","hostname":"668cfd4ea5c8","pid":1,"level":30,"version":"5.94.2","req":{"meta":{"requestId":"64e054b0-b8cf-483b-a3b0-d6ba493f52c2","userId":null},"url":"/favicon.ico","method":"GET","originalUrl":"/favicon.ico","params":{},"headers":{"accept":"*/*","user-agent":"Mozilla/5.0 Safari/537.36","host":"localhost:2368","connection":"close"},"query":{}},"res":{"_headers":{"x-powered-by":"Express","content-type":"image/x-icon","content-length":15406,"etag":"\"a9c6dbdcdc3ae568f4e0dad92149a0e3\"","cache-control":"public, max-age=86400","vary":"Accept-Encoding"},"statusCode":200,"responseTime":"143ms"},"msg":"","time":"2024-09-25T00:22:39.351Z","v":0}
{"name":"Log","hostname":"668cfd4ea5c8","pid":1,"level":30,"version":"5.94.2","req":{"meta":{"requestId":"65937ad6-3d6d-4e7a-abce-e076089c6911","userId":null},"url":"/favicon.ico","method":"GET","originalUrl":"/favicon.ico","params":{},"headers":{"accept":"*/*","user-agent":"Mozilla/5.0 Safari/537.36","host":"localhost:2368","connection":"close"},"query":{}},"res":{"_headers":{"x-powered-by":"Express","content-type":"image/x-icon","content-length":15406,"etag":"\"a9c6dbdcdc3ae568f4e0dad92149a0e3\"","cache-control":"public, max-age=86400","vary":"Accept-Encoding"},"statusCode":200,"responseTime":"154ms"},"msg":"","time":"2024-09-25T00:22:39.355Z","v":0}
{"name":"Log","hostname":"668cfd4ea5c8","pid":1,"level":40,"version":"5.94.2","err":{"id":"45cf1770-7ad4-11ef-ac94-7bdaf22d51a7","domain":"http://localhost:2368","code":"SLOW_GET_HELPER","name":"HelperWarning","statusCode":400,"level":"normal","message":"{{#get}} helper took 649ms to complete","stack":"HelperWarning: {{#get}} helper took 649ms to complete\n    at Object.get (/var/lib/ghost/versions/5.94.2/core/frontend/helpers/get.js:352:35)\n    at async Object.returnAsync (/var/lib/ghost/versions/5.94.2/core/frontend/services/helpers/handlebars.js:16:30)","hideStack":true,"errorDetails":"{\"api\":\"postsPublic.browse\",\"apiOptions\":{\"limit\":\"12\",\"include\":\"authors\",\"context\":{\"member\":null}},\"returnedRows\":1}"},"time":649,"msg":"{{#get}} helper took 649ms to complete","v":0}
{"name":"Log","hostname":"668cfd4ea5c8","pid":1,"level":40,"version":"5.94.2","err":{"id":"45d0c520-7ad4-11ef-ac94-7bdaf22d51a7","domain":"http://localhost:2368","code":"SLOW_GET_HELPER","name":"HelperWarning","statusCode":400,"level":"normal","message":"{{#get}} helper took 487ms to complete","stack":"HelperWarning: {{#get}} helper took 487ms to complete\n    at Object.get (/var/lib/ghost/versions/5.94.2/core/frontend/helpers/get.js:352:35)\n    at async Object.returnAsync (/var/lib/ghost/versions/5.94.2/core/frontend/services/helpers/handlebars.js:16:30)","hideStack":true,"errorDetails":"{\"api\":\"postsPublic.browse\",\"apiOptions\":{\"limit\":\"12\",\"include\":\"authors\",\"context\":{\"member\":null}},\"returnedRows\":1}"},"time":487,"msg":"{{#get}} helper took 487ms to complete","v":0}
{"name":"Log","hostname":"668cfd4ea5c8","pid":1,"level":30,"version":"5.94.2","req":{"meta":{"requestId":"45440048-20b5-4c74-94ad-1cb653df2ac8","userId":null},"url":"/","method":"GET","originalUrl":"/","params":{},"headers":{"host":"10.0.100.240","connection":"close","user-agent":"ELB-HealthChecker/2.0","accept-encoding":"gzip, compressed"},"query":{}},"res":{"_headers":{"x-powered-by":"Express","cache-control":"public, max-age=0","content-type":"text/html; charset=utf-8","etag":"W/\"436c-BvQMWz21UuYyR0dNqv/4gK9FWHw\"","vary":"Accept-Encoding","content-encoding":"gzip"},"statusCode":200,"responseTime":"1597ms"},"msg":"","time":"2024-09-25T00:22:39.645Z","v":0}
{"name":"Log","hostname":"668cfd4ea5c8","pid":1,"level":30,"version":"5.94.2","req":{"meta":{"requestId":"5e23f78a-15b4-401e-8b8c-e5d430135f80","userId":null},"url":"/","method":"GET","originalUrl":"/","params":{},"headers":{"host":"10.0.100.240","connection":"close","user-agent":"ELB-HealthChecker/2.0","accept-encoding":"gzip, compressed"},"query":{}},"res":{"_headers":{"x-powered-by":"Express","cache-control":"public, max-age=0","content-type":"text/html; charset=utf-8","etag":"W/\"436c-BvQMWz21UuYyR0dNqv/4gK9FWHw\"","vary":"Accept-Encoding","content-encoding":"gzip"},"statusCode":200,"responseTime":"1608ms"},"msg":"","time":"2024-09-25T00:22:39.648Z","v":0}
{"name":"Log","hostname":"668cfd4ea5c8","pid":1,"level":30,"version":"5.94.2","req":{"meta":{"requestId":"32f509a7-e52e-4200-907b-d2ff9e1d200e","userId":null},"url":"/","method":"GET","originalUrl":"/","params":{},"headers":{"host":"10.0.100.240","connection":"close","user-agent":"ELB-HealthChecker/2.0","accept-encoding":"gzip, compressed"},"query":{}},"res":{"_headers":{"x-powered-by":"Express","cache-control":"public, max-age=0","content-type":"text/html; charset=utf-8","etag":"W/\"436c-BvQMWz21UuYyR0dNqv/4gK9FWHw\"","vary":"Accept-Encoding","content-encoding":"gzip"},"statusCode":200,"responseTime":"471ms"},"msg":"","time":"2024-09-25T00:23:08.513Z","v":0}
{"name":"Log","hostname":"668cfd4ea5c8","pid":1,"level":30,"version":"5.94.2","req":{"meta":{"requestId":"bd8d8879-2bab-4543-a76d-658abbbaaa84","userId":null},"url":"/","method":"GET","originalUrl":"/","params":{},"headers":{"host":"10.0.100.240","connection":"close","user-agent":"ELB-HealthChecker/2.0","accept-encoding":"gzip, compressed"},"query":{}},"res":{"_headers":{"x-powered-by":"Express","cache-control":"public, max-age=0","content-type":"text/html; charset=utf-8","etag":"W/\"436c-BvQMWz21UuYyR0dNqv/4gK9FWHw\"","vary":"Accept-Encoding","content-encoding":"gzip"},"statusCode":200,"responseTime":"435ms"},"msg":"","time":"2024-09-25T00:23:08.514Z","v":0}
{"name":"Log","hostname":"668cfd4ea5c8","pid":1,"level":30,"version":"5.94.2","req":{"meta":{"requestId":"8587d6c6-cc0e-46f4-a2b1-6910f9622f43","userId":null},"url":"/","method":"GET","originalUrl":"/","params":{},"headers":{"x-forwarded-for":"49.199.153.16","x-forwarded-proto":"http","x-forwarded-port":"80","host":"techops-cms-alb-development-252191325.ap-southeast-2.elb.amazonaws.com","x-amzn-trace-id":"Root=1-66f357f5-0ba36bc92d347ddc30cff94e","user-agent":"Mozilla/5.0 (Macintosh; Intel Mac OS X 10.15; rv:130.0) Gecko/20100101 Firefox/130.0","accept":"text/html,application/xhtml+xml,application/xml;q=0.9,image/avif,image/webp,image/png,image/svg+xml,*/*;q=0.8","accept-language":"en-US,en;q=0.5","accept-encoding":"gzip, deflate","upgrade-insecure-requests":"1","dnt":"1","sec-gpc":"1","if-none-match":"W/\"436c-yQ2bRccVPSuWYvOvcLZGbv1Ph/0\"","priority":"u=0, i"},"query":{}},"res":{"_headers":{"x-powered-by":"Express","cache-control":"public, max-age=0","content-type":"text/html; charset=utf-8","etag":"W/\"436c-BvQMWz21UuYyR0dNqv/4gK9FWHw\"","vary":"Accept-Encoding","content-encoding":"gzip"},"statusCode":200,"responseTime":"430ms"},"msg":"","time":"2024-09-25T00:23:18.194Z","v":0}
{"name":"Log","hostname":"668cfd4ea5c8","pid":1,"level":30,"version":"5.94.2","req":{"meta":{"requestId":"92936f3d-1563-4df1-87ef-c9496fa91ab3","userId":null},"url":"/assets/built/screen.css?v=b605377b01","method":"GET","originalUrl":"/assets/built/screen.css?v=b605377b01","params":{},"headers":{"x-forwarded-for":"49.199.153.16","x-forwarded-proto":"http","x-forwarded-port":"80","host":"techops-cms-alb-development-252191325.ap-southeast-2.elb.amazonaws.com","x-amzn-trace-id":"Root=1-66f357f6-743ece0704f892492a4252b2","user-agent":"Mozilla/5.0 (Macintosh; Intel Mac OS X 10.15; rv:130.0) Gecko/20100101 Firefox/130.0","accept":"text/css,*/*;q=0.1","accept-language":"en-US,en;q=0.5","accept-encoding":"gzip, deflate","referer":"http://techops-cms-alb-development-252191325.ap-southeast-2.elb.amazonaws.com/","dnt":"1","sec-gpc":"1","priority":"u=0"},"query":{"v":"b605377b01"}},"res":{"_headers":{"x-powered-by":"Express","accept-ranges":"bytes","cache-control":"public, max-age=31536000","last-modified":"Sat, 26 Oct 1985 08:15:00 GMT","etag":"W/\"c120-7438674ba0\"","content-type":"text/css; charset=UTF-8","vary":"Accept-Encoding","content-encoding":"gzip"},"statusCode":200,"responseTime":"42ms"},"msg":"","time":"2024-09-25T00:23:18.442Z","v":0}
{"name":"Log","hostname":"668cfd4ea5c8","pid":1,"level":30,"version":"5.94.2","req":{"meta":{"requestId":"0b16f076-e6b6-4ab4-83ba-0b537ea385fe","userId":null},"url":"/assets/fonts/inter-roman.woff2?v=b605377b01","method":"GET","originalUrl":"/assets/fonts/inter-roman.woff2?v=b605377b01","params":{},"headers":{"x-forwarded-for":"49.199.153.16","x-forwarded-proto":"http","x-forwarded-port":"80","host":"techops-cms-alb-development-252191325.ap-southeast-2.elb.amazonaws.com","x-amzn-trace-id":"Root=1-66f357f6-78f35a4a279ab9aa1cb5e95b","user-agent":"Mozilla/5.0 (Macintosh; Intel Mac OS X 10.15; rv:130.0) Gecko/20100101 Firefox/130.0","accept":"application/font-woff2;q=1.0,application/font-woff;q=0.9,*/*;q=0.8","accept-language":"en-US,en;q=0.5","accept-encoding":"gzip, deflate","referer":"http://techops-cms-alb-development-252191325.ap-southeast-2.elb.amazonaws.com/","dnt":"1","sec-gpc":"1","priority":"u=2"},"query":{"v":"b605377b01"}},"res":{"_headers":{"x-powered-by":"Express","accept-ranges":"bytes","cache-control":"public, max-age=31536000","last-modified":"Sat, 26 Oct 1985 08:15:00 GMT","etag":"W/\"9394-7438674ba0\"","content-type":"font/woff2","content-length":37780},"statusCode":200,"responseTime":"10ms"},"msg":"","time":"2024-09-25T00:23:18.463Z","v":0}
{"name":"Log","hostname":"668cfd4ea5c8","pid":1,"level":30,"version":"5.94.2","req":{"meta":{"requestId":"e45877fb-d306-49b5-a13c-72c72733da85","userId":null},"url":"/assets/built/source.js?v=b605377b01","method":"GET","originalUrl":"/assets/built/source.js?v=b605377b01","params":{},"headers":{"x-forwarded-for":"49.199.153.16","x-forwarded-proto":"http","x-forwarded-port":"80","host":"techops-cms-alb-development-252191325.ap-southeast-2.elb.amazonaws.com","x-amzn-trace-id":"Root=1-66f357f6-61ef77bf08c4de0f33bc63e3","user-agent":"Mozilla/5.0 (Macintosh; Intel Mac OS X 10.15; rv:130.0) Gecko/20100101 Firefox/130.0","accept":"*/*","accept-language":"en-US,en;q=0.5","accept-encoding":"gzip, deflate","referer":"http://techops-cms-alb-development-252191325.ap-southeast-2.elb.amazonaws.com/","dnt":"1","sec-gpc":"1","priority":"u=1"},"query":{"v":"b605377b01"}},"res":{"_headers":{"x-powered-by":"Express","accept-ranges":"bytes","cache-control":"public, max-age=31536000","last-modified":"Sat, 26 Oct 1985 08:15:00 GMT","etag":"W/\"cde1-7438674ba0\"","content-type":"application/javascript; charset=UTF-8","vary":"Accept-Encoding","content-encoding":"gzip"},"statusCode":200,"responseTime":"28ms"},"msg":"","time":"2024-09-25T00:23:18.476Z","v":0}
{"name":"Log","hostname":"668cfd4ea5c8","pid":1,"level":30,"version":"5.94.2","req":{"meta":{"requestId":"358c26e9-ba73-430d-8396-7cda723a2ce0","userId":null},"url":"/public/cards.min.js?v=b605377b01","method":"GET","originalUrl":"/public/cards.min.js?v=b605377b01","params":{},"headers":{"x-forwarded-for":"49.199.153.16","x-forwarded-proto":"http","x-forwarded-port":"80","host":"techops-cms-alb-development-252191325.ap-southeast-2.elb.amazonaws.com","x-amzn-trace-id":"Root=1-66f357f6-5220ddb014249fea1a75d611","user-agent":"Mozilla/5.0 (Macintosh; Intel Mac OS X 10.15; rv:130.0) Gecko/20100101 Firefox/130.0","accept":"*/*","accept-language":"en-US,en;q=0.5","accept-encoding":"gzip, deflate","referer":"http://techops-cms-alb-development-252191325.ap-southeast-2.elb.amazonaws.com/","dnt":"1","sec-gpc":"1"},"query":{"v":"b605377b01"}},"res":{"_headers":{"x-powered-by":"Express","content-type":"application/javascript","etag":"\"431228c753b74a6958600d170f921e6d\"","cache-control":"public, max-age=31536000","vary":"Accept-Encoding","content-encoding":"gzip"},"statusCode":200,"responseTime":"28ms"},"msg":"","time":"2024-09-25T00:23:18.486Z","v":0}
{"name":"Log","hostname":"668cfd4ea5c8","pid":1,"level":30,"version":"5.94.2","req":{"meta":{"requestId":"7121be68-41b2-446f-b09e-afc5c6121c82","userId":null},"url":"/public/member-attribution.min.js?v=b605377b01","method":"GET","originalUrl":"/public/member-attribution.min.js?v=b605377b01","params":{},"headers":{"x-forwarded-for":"49.199.153.16","x-forwarded-proto":"http","x-forwarded-port":"80","host":"techops-cms-alb-development-252191325.ap-southeast-2.elb.amazonaws.com","x-amzn-trace-id":"Root=1-66f357f6-368972ee5a5004bf6090a6df","user-agent":"Mozilla/5.0 (Macintosh; Intel Mac OS X 10.15; rv:130.0) Gecko/20100101 Firefox/130.0","accept":"*/*","accept-language":"en-US,en;q=0.5","accept-encoding":"gzip, deflate","referer":"http://techops-cms-alb-development-252191325.ap-southeast-2.elb.amazonaws.com/","dnt":"1","sec-gpc":"1"},"query":{"v":"b605377b01"}},"res":{"_headers":{"x-powered-by":"Express","content-type":"application/javascript","etag":"\"d3835a893b20615fbdbecc7c556ae8dc\"","cache-control":"public, max-age=31536000","vary":"Accept-Encoding","content-encoding":"gzip"},"statusCode":200,"responseTime":"26ms"},"msg":"","time":"2024-09-25T00:23:18.499Z","v":0}
{"name":"Log","hostname":"668cfd4ea5c8","pid":1,"level":30,"version":"5.94.2","req":{"meta":{"requestId":"05eeee8c-5068-45d5-80d7-52af4eda1b19","userId":null},"url":"/public/cards.min.css?v=b605377b01","method":"GET","originalUrl":"/public/cards.min.css?v=b605377b01","params":{},"headers":{"x-forwarded-for":"49.199.153.16","x-forwarded-proto":"http","x-forwarded-port":"80","host":"techops-cms-alb-development-252191325.ap-southeast-2.elb.amazonaws.com","x-amzn-trace-id":"Root=1-66f357f6-36323704697708947ab1b516","user-agent":"Mozilla/5.0 (Macintosh; Intel Mac OS X 10.15; rv:130.0) Gecko/20100101 Firefox/130.0","accept":"text/css,*/*;q=0.1","accept-language":"en-US,en;q=0.5","accept-encoding":"gzip, deflate","referer":"http://techops-cms-alb-development-252191325.ap-southeast-2.elb.amazonaws.com/","dnt":"1","sec-gpc":"1","priority":"u=2"},"query":{"v":"b605377b01"}},"res":{"_headers":{"x-powered-by":"Express","content-type":"text/css","etag":"\"440db603eb8a79bad48f8602489f392c\"","cache-control":"public, max-age=31536000","vary":"Accept-Encoding","content-encoding":"gzip"},"statusCode":200,"responseTime":"31ms"},"msg":"","time":"2024-09-25T00:23:18.506Z","v":0}
{"name":"Log","hostname":"668cfd4ea5c8","pid":1,"level":30,"version":"5.94.2","msg":"Updating incoming recommendations on boot","time":"2024-09-25T00:23:22.768Z","v":0}
{"name":"Log","hostname":"668cfd4ea5c8","pid":1,"level":30,"version":"5.94.2","req":{"meta":{"requestId":"58053e14-8d03-48e5-ab24-80f43e349f57","userId":null},"url":"/","method":"GET","originalUrl":"/","params":{},"headers":{"host":"10.0.100.240","connection":"close","user-agent":"ELB-HealthChecker/2.0","accept-encoding":"gzip, compressed"},"query":{}},"res":{"_headers":{"x-powered-by":"Express","cache-control":"public, max-age=0","content-type":"text/html; charset=utf-8","etag":"W/\"436c-BvQMWz21UuYyR0dNqv/4gK9FWHw\"","vary":"Accept-Encoding","content-encoding":"gzip"},"statusCode":200,"responseTime":"546ms"},"msg":"","time":"2024-09-25T00:23:38.612Z","v":0}
{"name":"Log","hostname":"668cfd4ea5c8","pid":1,"level":30,"version":"5.94.2","req":{"meta":{"requestId":"7d07a4cd-6df4-4270-a170-99c796317b11","userId":null},"url":"/","method":"GET","originalUrl":"/","params":{},"headers":{"host":"10.0.100.240","connection":"close","user-agent":"ELB-HealthChecker/2.0","accept-encoding":"gzip, compressed"},"query":{}},"res":{"_headers":{"x-powered-by":"Express","cache-control":"public, max-age=0","content-type":"text/html; charset=utf-8","etag":"W/\"436c-BvQMWz21UuYyR0dNqv/4gK9FWHw\"","vary":"Accept-Encoding","content-encoding":"gzip"},"statusCode":200,"responseTime":"523ms"},"msg":"","time":"2024-09-25T00:23:38.618Z","v":0}
{"name":"Log","hostname":"668cfd4ea5c8","pid":1,"level":30,"version":"5.94.2","req":{"meta":{"requestId":"f7361e75-590f-43f2-8cb3-ed5fdaac8fc6","userId":null},"url":"/","method":"GET","originalUrl":"/","params":{},"headers":{"host":"10.0.100.240","connection":"close","user-agent":"ELB-HealthChecker/2.0","accept-encoding":"gzip, compressed"},"query":{}},"res":{"_headers":{"x-powered-by":"Express","cache-control":"public, max-age=0","content-type":"text/html; charset=utf-8","etag":"W/\"436c-BvQMWz21UuYyR0dNqv/4gK9FWHw\"","vary":"Accept-Encoding","content-encoding":"gzip"},"statusCode":200,"responseTime":"450ms"},"msg":"","time":"2024-09-25T00:24:08.545Z","v":0}
{"name":"Log","hostname":"668cfd4ea5c8","pid":1,"level":30,"version":"5.94.2","req":{"meta":{"requestId":"eeaf1115-e05d-45dc-9051-44932aa1f23a","userId":null},"url":"/","method":"GET","originalUrl":"/","params":{},"headers":{"host":"10.0.100.240","connection":"close","user-agent":"ELB-HealthChecker/2.0","accept-encoding":"gzip, compressed"},"query":{}},"res":{"_headers":{"x-powered-by":"Express","cache-control":"public, max-age=0","content-type":"text/html; charset=utf-8","etag":"W/\"436c-BvQMWz21UuYyR0dNqv/4gK9FWHw\"","vary":"Accept-Encoding","content-encoding":"gzip"},"statusCode":200,"responseTime":"479ms"},"msg":"","time":"2024-09-25T00:24:08.548Z","v":0}
{"name":"Log","hostname":"668cfd4ea5c8","pid":1,"level":30,"version":"5.94.2","req":{"meta":{"requestId":"3c0bf4e6-7bf9-4408-8282-2bdc9f1f7fbb","userId":null},"url":"/","method":"GET","originalUrl":"/","params":{},"headers":{"host":"10.0.100.240","connection":"close","user-agent":"ELB-HealthChecker/2.0","accept-encoding":"gzip, compressed"},"query":{}},"res":{"_headers":{"x-powered-by":"Express","cache-control":"public, max-age=0","content-type":"text/html; charset=utf-8","etag":"W/\"436c-BvQMWz21UuYyR0dNqv/4gK9FWHw\"","vary":"Accept-Encoding","content-encoding":"gzip"},"statusCode":200,"responseTime":"431ms"},"msg":"","time":"2024-09-25T00:24:38.606Z","v":0}
{"name":"Log","hostname":"668cfd4ea5c8","pid":1,"level":30,"version":"5.94.2","req":{"meta":{"requestId":"d490ac1d-f244-4c75-8daf-cb86695c1a67","userId":null},"url":"/","method":"GET","originalUrl":"/","params":{},"headers":{"host":"10.0.100.240","connection":"close","user-agent":"ELB-HealthChecker/2.0","accept-encoding":"gzip, compressed"},"query":{}},"res":{"_headers":{"x-powered-by":"Express","cache-control":"public, max-age=0","content-type":"text/html; charset=utf-8","etag":"W/\"436c-BvQMWz21UuYyR0dNqv/4gK9FWHw\"","vary":"Accept-Encoding","content-encoding":"gzip"},"statusCode":200,"responseTime":"508ms"},"msg":"","time":"2024-09-25T00:24:38.627Z","v":0}
{"name":"Log","hostname":"668cfd4ea5c8","pid":1,"level":30,"version":"5.94.2","req":{"meta":{"requestId":"49e1bcbb-00f4-44a6-857e-4af02cffebee","userId":null},"url":"/","method":"GET","originalUrl":"/","params":{},"headers":{"host":"10.0.100.240","connection":"close","user-agent":"ELB-HealthChecker/2.0","accept-encoding":"gzip, compressed"},"query":{}},"res":{"_headers":{"x-powered-by":"Express","cache-control":"public, max-age=0","content-type":"text/html; charset=utf-8","etag":"W/\"436c-BvQMWz21UuYyR0dNqv/4gK9FWHw\"","vary":"Accept-Encoding","content-encoding":"gzip"},"statusCode":200,"responseTime":"558ms"},"msg":"","time":"2024-09-25T00:25:08.649Z","v":0}
{"name":"Log","hostname":"668cfd4ea5c8","pid":1,"level":30,"version":"5.94.2","req":{"meta":{"requestId":"3373fe67-ba3c-4ba5-992c-d2d711451b10","userId":null},"url":"/","method":"GET","originalUrl":"/","params":{},"headers":{"host":"10.0.100.240","connection":"close","user-agent":"ELB-HealthChecker/2.0","accept-encoding":"gzip, compressed"},"query":{}},"res":{"_headers":{"x-powered-by":"Express","cache-control":"public, max-age=0","content-type":"text/html; charset=utf-8","etag":"W/\"436c-BvQMWz21UuYyR0dNqv/4gK9FWHw\"","vary":"Accept-Encoding","content-encoding":"gzip"},"statusCode":200,"responseTime":"503ms"},"msg":"","time":"2024-09-25T00:25:08.659Z","v":0}
{"name":"Log","hostname":"668cfd4ea5c8","pid":1,"level":30,"version":"5.94.2","req":{"meta":{"requestId":"27a71abb-665b-45bf-9132-76fd12757661","userId":null},"url":"/","method":"GET","originalUrl":"/","params":{},"headers":{"host":"10.0.100.240","connection":"close","user-agent":"ELB-HealthChecker/2.0","accept-encoding":"gzip, compressed"},"query":{}},"res":{"_headers":{"x-powered-by":"Express","cache-control":"public, max-age=0","content-type":"text/html; charset=utf-8","etag":"W/\"436c-BvQMWz21UuYyR0dNqv/4gK9FWHw\"","vary":"Accept-Encoding","content-encoding":"gzip"},"statusCode":200,"responseTime":"479ms"},"msg":"","time":"2024-09-25T00:25:38.662Z","v":0}
{"name":"Log","hostname":"668cfd4ea5c8","pid":1,"level":30,"version":"5.94.2","req":{"meta":{"requestId":"a606ebd8-e1e1-4b68-87cc-09f488d982a8","userId":null},"url":"/","method":"GET","originalUrl":"/","params":{},"headers":{"host":"10.0.100.240","connection":"close","user-agent":"ELB-HealthChecker/2.0","accept-encoding":"gzip, compressed"},"query":{}},"res":{"_headers":{"x-powered-by":"Express","cache-control":"public, max-age=0","content-type":"text/html; charset=utf-8","etag":"W/\"436c-BvQMWz21UuYyR0dNqv/4gK9FWHw\"","vary":"Accept-Encoding","content-encoding":"gzip"},"statusCode":200,"responseTime":"506ms"},"msg":"","time":"2024-09-25T00:25:38.668Z","v":0}
{"name":"Log","hostname":"668cfd4ea5c8","pid":1,"level":30,"version":"5.94.2","req":{"meta":{"requestId":"31771aa5-e1a9-45c1-964d-2f988808e29c","userId":null},"url":"/","method":"GET","originalUrl":"/","params":{},"headers":{"host":"10.0.100.240","connection":"close","user-agent":"ELB-HealthChecker/2.0","accept-encoding":"gzip, compressed"},"query":{}},"res":{"_headers":{"x-powered-by":"Express","cache-control":"public, max-age=0","content-type":"text/html; charset=utf-8","etag":"W/\"436c-BvQMWz21UuYyR0dNqv/4gK9FWHw\"","vary":"Accept-Encoding","content-encoding":"gzip"},"statusCode":200,"responseTime":"327ms"},"msg":"","time":"2024-09-25T00:26:08.522Z","v":0}
{"name":"Log","hostname":"668cfd4ea5c8","pid":1,"level":30,"version":"5.94.2","req":{"meta":{"requestId":"81332ea0-5512-431b-bc37-f95c18f495e6","userId":null},"url":"/","method":"GET","originalUrl":"/","params":{},"headers":{"host":"10.0.100.240","connection":"close","user-agent":"ELB-HealthChecker/2.0","accept-encoding":"gzip, compressed"},"query":{}},"res":{"_headers":{"x-powered-by":"Express","cache-control":"public, max-age=0","content-type":"text/html; charset=utf-8","etag":"W/\"436c-BvQMWz21UuYyR0dNqv/4gK9FWHw\"","vary":"Accept-Encoding","content-encoding":"gzip"},"statusCode":200,"responseTime":"378ms"},"msg":"","time":"2024-09-25T00:26:08.526Z","v":0}
{"name":"Log","hostname":"668cfd4ea5c8","pid":1,"level":30,"version":"5.94.2","req":{"meta":{"requestId":"9e8fbc87-5556-4af1-899c-d01fe6e35d97","userId":null},"url":"/","method":"GET","originalUrl":"/","params":{},"headers":{"host":"10.0.100.240","connection":"close","user-agent":"ELB-HealthChecker/2.0","accept-encoding":"gzip, compressed"},"query":{}},"res":{"_headers":{"x-powered-by":"Express","cache-control":"public, max-age=0","content-type":"text/html; charset=utf-8","etag":"W/\"436c-BvQMWz21UuYyR0dNqv/4gK9FWHw\"","vary":"Accept-Encoding","content-encoding":"gzip"},"statusCode":200,"responseTime":"563ms"},"msg":"","time":"2024-09-25T00:26:38.780Z","v":0}
{"name":"Log","hostname":"668cfd4ea5c8","pid":1,"level":30,"version":"5.94.2","req":{"meta":{"requestId":"e2b7d6e8-6da1-49f5-8e5a-1b783c91b879","userId":null},"url":"/","method":"GET","originalUrl":"/","params":{},"headers":{"host":"10.0.100.240","connection":"close","user-agent":"ELB-HealthChecker/2.0","accept-encoding":"gzip, compressed"},"query":{}},"res":{"_headers":{"x-powered-by":"Express","cache-control":"public, max-age=0","content-type":"text/html; charset=utf-8","etag":"W/\"436c-BvQMWz21UuYyR0dNqv/4gK9FWHw\"","vary":"Accept-Encoding","content-encoding":"gzip"},"statusCode":200,"responseTime":"597ms"},"msg":"","time":"2024-09-25T00:26:38.784Z","v":0}
{"name":"Log","hostname":"668cfd4ea5c8","pid":1,"level":30,"version":"5.94.2","msg":"[Recommendations] Updating recommendations metadata","time":"2024-09-25T00:27:03.452Z","v":0}
{"name":"Log","hostname":"668cfd4ea5c8","pid":1,"level":30,"version":"5.94.2","req":{"meta":{"requestId":"4c377562-cc6f-4e01-a316-1c5e216dae8f","userId":null},"url":"/","method":"GET","originalUrl":"/","params":{},"headers":{"host":"10.0.100.240","connection":"close","user-agent":"ELB-HealthChecker/2.0","accept-encoding":"gzip, compressed"},"query":{}},"res":{"_headers":{"x-powered-by":"Express","cache-control":"public, max-age=0","content-type":"text/html; charset=utf-8","etag":"W/\"436c-BvQMWz21UuYyR0dNqv/4gK9FWHw\"","vary":"Accept-Encoding","content-encoding":"gzip"},"statusCode":200,"responseTime":"332ms"},"msg":"","time":"2024-09-25T00:27:08.487Z","v":0}
{"name":"Log","hostname":"668cfd4ea5c8","pid":1,"level":30,"version":"5.94.2","req":{"meta":{"requestId":"80ddb51a-c6b6-49d4-97e9-6fb8938b381c","userId":null},"url":"/","method":"GET","originalUrl":"/","params":{},"headers":{"host":"10.0.100.240","connection":"close","user-agent":"ELB-HealthChecker/2.0","accept-encoding":"gzip, compressed"},"query":{}},"res":{"_headers":{"x-powered-by":"Express","cache-control":"public, max-age=0","content-type":"text/html; charset=utf-8","etag":"W/\"436c-BvQMWz21UuYyR0dNqv/4gK9FWHw\"","vary":"Accept-Encoding","content-encoding":"gzip"},"statusCode":200,"responseTime":"322ms"},"msg":"","time":"2024-09-25T00:27:08.489Z","v":0}
{"name":"Log","hostname":"668cfd4ea5c8","pid":1,"level":30,"version":"5.94.2","req":{"meta":{"requestId":"4febe55b-c2c0-49ce-8996-81c8168bafc3","userId":null},"url":"/","method":"GET","originalUrl":"/","params":{},"headers":{"host":"10.0.100.240","connection":"close","user-agent":"ELB-HealthChecker/2.0","accept-encoding":"gzip, compressed"},"query":{}},"res":{"_headers":{"x-powered-by":"Express","cache-control":"public, max-age=0","content-type":"text/html; charset=utf-8","etag":"W/\"436c-BvQMWz21UuYyR0dNqv/4gK9FWHw\"","vary":"Accept-Encoding","content-encoding":"gzip"},"statusCode":200,"responseTime":"497ms"},"msg":"","time":"2024-09-25T00:27:38.709Z","v":0}
{"name":"Log","hostname":"668cfd4ea5c8","pid":1,"level":30,"version":"5.94.2","req":{"meta":{"requestId":"3adc69cd-6801-420e-9f32-dc708af50a56","userId":null},"url":"/","method":"GET","originalUrl":"/","params":{},"headers":{"host":"10.0.100.240","connection":"close","user-agent":"ELB-HealthChecker/2.0","accept-encoding":"gzip, compressed"},"query":{}},"res":{"_headers":{"x-powered-by":"Express","cache-control":"public, max-age=0","content-type":"text/html; charset=utf-8","etag":"W/\"436c-BvQMWz21UuYyR0dNqv/4gK9FWHw\"","vary":"Accept-Encoding","content-encoding":"gzip"},"statusCode":200,"responseTime":"479ms"},"msg":"","time":"2024-09-25T00:27:38.714Z","v":0}
{"name":"Log","hostname":"668cfd4ea5c8","pid":1,"level":30,"version":"5.94.2","req":{"meta":{"requestId":"ecdc43f8-d205-4290-a8f5-c63d50a2e99c","userId":null},"url":"/","method":"GET","originalUrl":"/","params":{},"headers":{"host":"10.0.100.240","connection":"close","user-agent":"ELB-HealthChecker/2.0","accept-encoding":"gzip, compressed"},"query":{}},"res":{"_headers":{"x-powered-by":"Express","cache-control":"public, max-age=0","content-type":"text/html; charset=utf-8","etag":"W/\"436c-BvQMWz21UuYyR0dNqv/4gK9FWHw\"","vary":"Accept-Encoding","content-encoding":"gzip"},"statusCode":200,"responseTime":"411ms"},"msg":"","time":"2024-09-25T00:28:08.668Z","v":0}
{"name":"Log","hostname":"668cfd4ea5c8","pid":1,"level":30,"version":"5.94.2","req":{"meta":{"requestId":"f23f881e-9afb-43db-88f9-2c8d40241b33","userId":null},"url":"/","method":"GET","originalUrl":"/","params":{},"headers":{"host":"10.0.100.240","connection":"close","user-agent":"ELB-HealthChecker/2.0","accept-encoding":"gzip, compressed"},"query":{}},"res":{"_headers":{"x-powered-by":"Express","cache-control":"public, max-age=0","content-type":"text/html; charset=utf-8","etag":"W/\"436c-BvQMWz21UuYyR0dNqv/4gK9FWHw\"","vary":"Accept-Encoding","content-encoding":"gzip"},"statusCode":200,"responseTime":"397ms"},"msg":"","time":"2024-09-25T00:28:08.672Z","v":0}
{"name":"Log","hostname":"668cfd4ea5c8","pid":1,"level":30,"version":"5.94.2","req":{"meta":{"requestId":"28aae56f-7f36-4d76-a238-34ec4dcae52a","userId":null},"url":"/","method":"GET","originalUrl":"/","params":{},"headers":{"host":"10.0.100.240","connection":"close","user-agent":"ELB-HealthChecker/2.0","accept-encoding":"gzip, compressed"},"query":{}},"res":{"_headers":{"x-powered-by":"Express","cache-control":"public, max-age=0","content-type":"text/html; charset=utf-8","etag":"W/\"436c-BvQMWz21UuYyR0dNqv/4gK9FWHw\"","vary":"Accept-Encoding","content-encoding":"gzip"},"statusCode":200,"responseTime":"458ms"},"msg":"","time":"2024-09-25T00:28:38.794Z","v":0}
{"name":"Log","hostname":"668cfd4ea5c8","pid":1,"level":30,"version":"5.94.2","req":{"meta":{"requestId":"ac2c01de-26ef-42e5-81d2-f7577e4146cc","userId":null},"url":"/","method":"GET","originalUrl":"/","params":{},"headers":{"host":"10.0.100.240","connection":"close","user-agent":"ELB-HealthChecker/2.0","accept-encoding":"gzip, compressed"},"query":{}},"res":{"_headers":{"x-powered-by":"Express","cache-control":"public, max-age=0","content-type":"text/html; charset=utf-8","etag":"W/\"436c-BvQMWz21UuYyR0dNqv/4gK9FWHw\"","vary":"Accept-Encoding","content-encoding":"gzip"},"statusCode":200,"responseTime":"494ms"},"msg":"","time":"2024-09-25T00:28:38.797Z","v":0}
{"name":"Log","hostname":"668cfd4ea5c8","pid":1,"level":30,"version":"5.94.2","req":{"meta":{"requestId":"39b08135-7fa4-4ac3-9c5e-7dbc3a92c8be","userId":null},"url":"/","method":"GET","originalUrl":"/","params":{},"headers":{"host":"10.0.100.240","connection":"close","user-agent":"ELB-HealthChecker/2.0","accept-encoding":"gzip, compressed"},"query":{}},"res":{"_headers":{"x-powered-by":"Express","cache-control":"public, max-age=0","content-type":"text/html; charset=utf-8","etag":"W/\"436c-BvQMWz21UuYyR0dNqv/4gK9FWHw\"","vary":"Accept-Encoding","content-encoding":"gzip"},"statusCode":200,"responseTime":"474ms"},"msg":"","time":"2024-09-25T00:29:08.768Z","v":0}
{"name":"Log","hostname":"668cfd4ea5c8","pid":1,"level":30,"version":"5.94.2","req":{"meta":{"requestId":"ffddb9e2-9bd2-4dcb-89da-f540d8d5e23f","userId":null},"url":"/","method":"GET","originalUrl":"/","params":{},"headers":{"host":"10.0.100.240","connection":"close","user-agent":"ELB-HealthChecker/2.0","accept-encoding":"gzip, compressed"},"query":{}},"res":{"_headers":{"x-powered-by":"Express","cache-control":"public, max-age=0","content-type":"text/html; charset=utf-8","etag":"W/\"436c-BvQMWz21UuYyR0dNqv/4gK9FWHw\"","vary":"Accept-Encoding","content-encoding":"gzip"},"statusCode":200,"responseTime":"444ms"},"msg":"","time":"2024-09-25T00:29:08.772Z","v":0}
{"name":"Log","hostname":"668cfd4ea5c8","pid":1,"level":40,"version":"5.94.2","err":{"id":"3fcc96d0-7ad5-11ef-ac94-7bdaf22d51a7","domain":"http://localhost:2368","code":"SLOW_GET_HELPER","name":"HelperWarning","statusCode":400,"level":"normal","message":"{{#get}} helper took 246ms to complete","stack":"HelperWarning: {{#get}} helper took 246ms to complete\n    at Object.get (/var/lib/ghost/versions/5.94.2/core/frontend/helpers/get.js:352:35)\n    at async Object.returnAsync (/var/lib/ghost/versions/5.94.2/core/frontend/services/helpers/handlebars.js:16:30)","hideStack":true,"errorDetails":"{\"api\":\"postsPublic.browse\",\"apiOptions\":{\"limit\":\"12\",\"include\":\"authors\",\"context\":{\"member\":null}},\"returnedRows\":1}"},"time":246,"msg":"{{#get}} helper took 246ms to complete","v":0}
{"name":"Log","hostname":"668cfd4ea5c8","pid":1,"level":30,"version":"5.94.2","req":{"meta":{"requestId":"6eb4dc75-17c9-46a2-8b72-cbe951b5a5ca","userId":null},"url":"/","method":"GET","originalUrl":"/","params":{},"headers":{"host":"10.0.100.240","connection":"close","user-agent":"ELB-HealthChecker/2.0","accept-encoding":"gzip, compressed"},"query":{}},"res":{"_headers":{"x-powered-by":"Express","cache-control":"public, max-age=0","content-type":"text/html; charset=utf-8","etag":"W/\"436c-BvQMWz21UuYyR0dNqv/4gK9FWHw\"","vary":"Accept-Encoding","content-encoding":"gzip"},"statusCode":200,"responseTime":"579ms"},"msg":"","time":"2024-09-25T00:29:38.900Z","v":0}
{"name":"Log","hostname":"668cfd4ea5c8","pid":1,"level":30,"version":"5.94.2","req":{"meta":{"requestId":"f574cee8-ff04-4c1b-8d4b-bdd6fc0c41cf","userId":null},"url":"/","method":"GET","originalUrl":"/","params":{},"headers":{"host":"10.0.100.240","connection":"close","user-agent":"ELB-HealthChecker/2.0","accept-encoding":"gzip, compressed"},"query":{}},"res":{"_headers":{"x-powered-by":"Express","cache-control":"public, max-age=0","content-type":"text/html; charset=utf-8","etag":"W/\"436c-BvQMWz21UuYyR0dNqv/4gK9FWHw\"","vary":"Accept-Encoding","content-encoding":"gzip"},"statusCode":200,"responseTime":"624ms"},"msg":"","time":"2024-09-25T00:29:38.922Z","v":0}
{"name":"Log","hostname":"668cfd4ea5c8","pid":1,"level":30,"version":"5.94.2","req":{"meta":{"requestId":"7fc0dfae-e7ba-4351-84da-30ccad5014a7","userId":null},"url":"/","method":"GET","originalUrl":"/","params":{},"headers":{"host":"10.0.100.240","connection":"close","user-agent":"ELB-HealthChecker/2.0","accept-encoding":"gzip, compressed"},"query":{}},"res":{"_headers":{"x-powered-by":"Express","cache-control":"public, max-age=0","content-type":"text/html; charset=utf-8","etag":"W/\"436c-BvQMWz21UuYyR0dNqv/4gK9FWHw\"","vary":"Accept-Encoding","content-encoding":"gzip"},"statusCode":200,"responseTime":"400ms"},"msg":"","time":"2024-09-25T00:30:08.757Z","v":0}
{"name":"Log","hostname":"668cfd4ea5c8","pid":1,"level":30,"version":"5.94.2","req":{"meta":{"requestId":"fabfd357-c878-4e60-a75c-7180a5d89799","userId":null},"url":"/","method":"GET","originalUrl":"/","params":{},"headers":{"host":"10.0.100.240","connection":"close","user-agent":"ELB-HealthChecker/2.0","accept-encoding":"gzip, compressed"},"query":{}},"res":{"_headers":{"x-powered-by":"Express","cache-control":"public, max-age=0","content-type":"text/html; charset=utf-8","etag":"W/\"436c-BvQMWz21UuYyR0dNqv/4gK9FWHw\"","vary":"Accept-Encoding","content-encoding":"gzip"},"statusCode":200,"responseTime":"428ms"},"msg":"","time":"2024-09-25T00:30:08.761Z","v":0}
{"name":"Log","hostname":"668cfd4ea5c8","pid":1,"level":30,"version":"5.94.2","req":{"meta":{"requestId":"38fff69c-c441-4d33-b52b-34f342c5e4ba","userId":null},"url":"/","method":"GET","originalUrl":"/","params":{},"headers":{"host":"10.0.100.240","connection":"close","user-agent":"ELB-HealthChecker/2.0","accept-encoding":"gzip, compressed"},"query":{}},"res":{"_headers":{"x-powered-by":"Express","cache-control":"public, max-age=0","content-type":"text/html; charset=utf-8","etag":"W/\"436c-BvQMWz21UuYyR0dNqv/4gK9FWHw\"","vary":"Accept-Encoding","content-encoding":"gzip"},"statusCode":200,"responseTime":"334ms"},"msg":"","time":"2024-09-25T00:30:38.714Z","v":0}
{"name":"Log","hostname":"668cfd4ea5c8","pid":1,"level":30,"version":"5.94.2","req":{"meta":{"requestId":"7e8c9287-affa-463d-ac08-bc51e8997826","userId":null},"url":"/","method":"GET","originalUrl":"/","params":{},"headers":{"host":"10.0.100.240","connection":"close","user-agent":"ELB-HealthChecker/2.0","accept-encoding":"gzip, compressed"},"query":{}},"res":{"_headers":{"x-powered-by":"Express","cache-control":"public, max-age=0","content-type":"text/html; charset=utf-8","etag":"W/\"436c-BvQMWz21UuYyR0dNqv/4gK9FWHw\"","vary":"Accept-Encoding","content-encoding":"gzip"},"statusCode":200,"responseTime":"377ms"},"msg":"","time":"2024-09-25T00:30:38.735Z","v":0}
{"name":"Log","hostname":"668cfd4ea5c8","pid":1,"level":30,"version":"5.94.2","req":{"meta":{"requestId":"41119749-54c0-4026-8827-f054e3dec76d","userId":null},"url":"/","method":"GET","originalUrl":"/","params":{},"headers":{"host":"10.0.100.240","connection":"close","user-agent":"ELB-HealthChecker/2.0","accept-encoding":"gzip, compressed"},"query":{}},"res":{"_headers":{"x-powered-by":"Express","cache-control":"public, max-age=0","content-type":"text/html; charset=utf-8","etag":"W/\"436c-BvQMWz21UuYyR0dNqv/4gK9FWHw\"","vary":"Accept-Encoding","content-encoding":"gzip"},"statusCode":200,"responseTime":"483ms"},"msg":"","time":"2024-09-25T00:31:08.917Z","v":0}
{"name":"Log","hostname":"668cfd4ea5c8","pid":1,"level":30,"version":"5.94.2","req":{"meta":{"requestId":"94df69d4-410c-4e34-9108-f3e5b6a8755b","userId":null},"url":"/","method":"GET","originalUrl":"/","params":{},"headers":{"host":"10.0.100.240","connection":"close","user-agent":"ELB-HealthChecker/2.0","accept-encoding":"gzip, compressed"},"query":{}},"res":{"_headers":{"x-powered-by":"Express","cache-control":"public, max-age=0","content-type":"text/html; charset=utf-8","etag":"W/\"436c-BvQMWz21UuYyR0dNqv/4gK9FWHw\"","vary":"Accept-Encoding","content-encoding":"gzip"},"statusCode":200,"responseTime":"511ms"},"msg":"","time":"2024-09-25T00:31:08.919Z","v":0}
{"name":"Log","hostname":"668cfd4ea5c8","pid":1,"level":30,"version":"5.94.2","req":{"meta":{"requestId":"596e0ba9-b67c-4c6f-b040-51fd8733635c","userId":null},"url":"/","method":"GET","originalUrl":"/","params":{},"headers":{"host":"10.0.100.240","connection":"close","user-agent":"ELB-HealthChecker/2.0","accept-encoding":"gzip, compressed"},"query":{}},"res":{"_headers":{"x-powered-by":"Express","cache-control":"public, max-age=0","content-type":"text/html; charset=utf-8","etag":"W/\"436c-BvQMWz21UuYyR0dNqv/4gK9FWHw\"","vary":"Accept-Encoding","content-encoding":"gzip"},"statusCode":200,"responseTime":"360ms"},"msg":"","time":"2024-09-25T00:31:38.789Z","v":0}
{"name":"Log","hostname":"668cfd4ea5c8","pid":1,"level":30,"version":"5.94.2","req":{"meta":{"requestId":"ba18f8f9-776f-4344-9cf7-49c2f6525b91","userId":null},"url":"/","method":"GET","originalUrl":"/","params":{},"headers":{"host":"10.0.100.240","connection":"close","user-agent":"ELB-HealthChecker/2.0","accept-encoding":"gzip, compressed"},"query":{}},"res":{"_headers":{"x-powered-by":"Express","cache-control":"public, max-age=0","content-type":"text/html; charset=utf-8","etag":"W/\"436c-BvQMWz21UuYyR0dNqv/4gK9FWHw\"","vary":"Accept-Encoding","content-encoding":"gzip"},"statusCode":200,"responseTime":"395ms"},"msg":"","time":"2024-09-25T00:31:38.793Z","v":0}
{"name":"Log","hostname":"668cfd4ea5c8","pid":1,"level":40,"version":"5.94.2","msg":"Ghost is shutting down","time":"2024-09-25T00:31:44.156Z","v":0}
{"name":"Log","hostname":"668cfd4ea5c8","pid":1,"level":40,"version":"5.94.2","msg":"Ghost has shut down","time":"2024-09-25T00:31:44.191Z","v":0}
{"name":"Log","hostname":"668cfd4ea5c8","pid":1,"level":40,"version":"5.94.2","msg":"Your site is now offline","time":"2024-09-25T00:31:44.203Z","v":0}
{"name":"Log","hostname":"668cfd4ea5c8","pid":1,"level":40,"version":"5.94.2","msg":"Ghost was running for 10 minutes","time":"2024-09-25T00:31:44.219Z","v":0}
{"name":"Log","hostname":"668cfd4ea5c8","pid":1,"level":30,"version":"5.94.2","msg":"Ghost is running in production...","time":"2024-09-25T00:32:31.501Z","v":0}
{"name":"Log","hostname":"668cfd4ea5c8","pid":1,"level":30,"version":"5.94.2","msg":"Your site is now available on http://localhost:2368/","time":"2024-09-25T00:32:31.511Z","v":0}
{"name":"Log","hostname":"668cfd4ea5c8","pid":1,"level":30,"version":"5.94.2","msg":"Ctrl+C to shut down","time":"2024-09-25T00:32:31.512Z","v":0}
{"name":"Log","hostname":"668cfd4ea5c8","pid":1,"level":30,"version":"5.94.2","msg":"Ghost server started in 3.825s","time":"2024-09-25T00:32:31.517Z","v":0}
{"name":"Log","hostname":"668cfd4ea5c8","pid":1,"level":30,"version":"5.94.2","msg":"Database is in a ready state.","time":"2024-09-25T00:32:32.486Z","v":0}
{"name":"Log","hostname":"668cfd4ea5c8","pid":1,"level":30,"version":"5.94.2","msg":"Ghost database ready in 4.816s","time":"2024-09-25T00:32:32.505Z","v":0}
{"name":"Log","hostname":"668cfd4ea5c8","pid":1,"level":40,"version":"5.94.2","msg":"Missing mail.from config, falling back to a generated email address. Please update your config file and set a valid from address","time":"2024-09-25T00:32:33.811Z","v":0}
{"name":"Log","hostname":"668cfd4ea5c8","pid":1,"level":30,"version":"5.94.2","msg":"Adding offloaded job to the queue","time":"2024-09-25T00:32:39.244Z","v":0}
{"name":"Log","hostname":"668cfd4ea5c8","pid":1,"level":30,"version":"5.94.2","msg":"Scheduling job mentions-email-report at 35 22 * * * *. Next run on: Wed Sep 25 2024 01:22:35 GMT+0000 (Coordinated Universal Time)","time":"2024-09-25T00:32:39.261Z","v":0}
{"name":"Log","hostname":"668cfd4ea5c8","pid":1,"level":30,"version":"5.94.2","msg":"Ghost URL Service Ready in 12.848s","time":"2024-09-25T00:32:40.538Z","v":0}
{"name":"Log","hostname":"668cfd4ea5c8","pid":1,"level":30,"version":"5.94.2","msg":"Adding offloaded job to the queue","time":"2024-09-25T00:32:40.573Z","v":0}
{"name":"Log","hostname":"668cfd4ea5c8","pid":1,"level":30,"version":"5.94.2","msg":"Scheduling job clean-expired-comped at 45 27 3 * * *. Next run on: Wed Sep 25 2024 03:27:45 GMT+0000 (Coordinated Universal Time)","time":"2024-09-25T00:32:40.581Z","v":0}
{"name":"Log","hostname":"668cfd4ea5c8","pid":1,"level":30,"version":"5.94.2","msg":"Adding offloaded job to the queue","time":"2024-09-25T00:32:40.592Z","v":0}
{"name":"Log","hostname":"668cfd4ea5c8","pid":1,"level":30,"version":"5.94.2","msg":"Scheduling job clean-tokens at 33 13 18 * * *. Next run on: Wed Sep 25 2024 18:13:33 GMT+0000 (Coordinated Universal Time)","time":"2024-09-25T00:32:40.598Z","v":0}
{"name":"Log","hostname":"668cfd4ea5c8","pid":1,"level":30,"version":"5.94.2","msg":"Ghost booted in 12.982s","time":"2024-09-25T00:32:40.672Z","v":0}
{"name":"Log","hostname":"668cfd4ea5c8","pid":1,"level":30,"version":"5.94.2","msg":"Adding offloaded job to the queue","time":"2024-09-25T00:32:40.693Z","v":0}
{"name":"Log","hostname":"668cfd4ea5c8","pid":1,"level":30,"version":"5.94.2","msg":"Scheduling job update-check at 45 16 13 * * *. Next run on: Wed Sep 25 2024 13:16:45 GMT+0000 (Coordinated Universal Time)","time":"2024-09-25T00:32:40.698Z","v":0}
{"name":"Log","hostname":"668cfd4ea5c8","pid":1,"level":30,"version":"5.94.2","msg":"Running milestone emails job on Thu Sep 26 2024 00:32:40 GMT+0000 (Coordinated Universal Time)","time":"2024-09-25T00:32:40.721Z","v":0}
{"name":"Log","hostname":"668cfd4ea5c8","pid":1,"level":40,"version":"5.94.2","err":{"id":"bd7c7e10-7ad5-11ef-a126-5d2da79e37e1","domain":"http://localhost:2368","code":"SLOW_GET_HELPER","name":"HelperWarning","statusCode":400,"level":"normal","message":"{{#get}} helper took 264ms to complete","stack":"HelperWarning: {{#get}} helper took 264ms to complete\n    at Object.get (/var/lib/ghost/versions/5.94.2/core/frontend/helpers/get.js:352:35)\n    at async Object.returnAsync (/var/lib/ghost/versions/5.94.2/core/frontend/services/helpers/handlebars.js:16:30)","hideStack":true,"errorDetails":"{\"api\":\"postsPublic.browse\",\"apiOptions\":{\"limit\":\"12\",\"include\":\"authors\",\"context\":{\"member\":null}},\"returnedRows\":1}"},"time":264,"msg":"{{#get}} helper took 264ms to complete","v":0}
{"name":"Log","hostname":"668cfd4ea5c8","pid":1,"level":30,"version":"5.94.2","req":{"meta":{"requestId":"b5c117ae-d1aa-4168-9f0b-d9a16e542956","userId":null},"url":"/favicon.ico","method":"GET","originalUrl":"/favicon.ico","params":{},"headers":{"accept":"*/*","user-agent":"Mozilla/5.0 Safari/537.36","host":"localhost:2368","connection":"close"},"query":{}},"res":{"_headers":{"x-powered-by":"Express","content-type":"image/x-icon","content-length":15406,"etag":"\"a9c6dbdcdc3ae568f4e0dad92149a0e3\"","cache-control":"public, max-age=86400","vary":"Accept-Encoding"},"statusCode":200,"responseTime":"41ms"},"msg":"","time":"2024-09-25T00:33:09.837Z","v":0}
{"name":"Log","hostname":"668cfd4ea5c8","pid":1,"level":30,"version":"5.94.2","req":{"meta":{"requestId":"0b3b9a0c-a274-4236-9fd5-435a04df1618","userId":null},"url":"/favicon.ico","method":"GET","originalUrl":"/favicon.ico","params":{},"headers":{"accept":"*/*","user-agent":"Mozilla/5.0 Safari/537.36","host":"localhost:2368","connection":"close"},"query":{}},"res":{"_headers":{"x-powered-by":"Express","content-type":"image/x-icon","content-length":15406,"etag":"\"a9c6dbdcdc3ae568f4e0dad92149a0e3\"","cache-control":"public, max-age=86400","vary":"Accept-Encoding"},"statusCode":200,"responseTime":"47ms"},"msg":"","time":"2024-09-25T00:33:09.840Z","v":0}
{"name":"Log","hostname":"668cfd4ea5c8","pid":1,"level":30,"version":"5.94.2","req":{"meta":{"requestId":"04270964-5961-455a-a6e8-1bad75908415","userId":null},"url":"/","method":"GET","originalUrl":"/","params":{},"headers":{"host":"10.0.100.240","connection":"close","user-agent":"ELB-HealthChecker/2.0","accept-encoding":"gzip, compressed"},"query":{}},"res":{"_headers":{"x-powered-by":"Express","cache-control":"public, max-age=0","content-type":"text/html; charset=utf-8","etag":"W/\"436c-XtouctvCvdRt20JCJekerkwuUYM\"","vary":"Accept-Encoding","content-encoding":"gzip"},"statusCode":200,"responseTime":"1699ms"},"msg":"","time":"2024-09-25T00:33:10.194Z","v":0}
{"name":"Log","hostname":"668cfd4ea5c8","pid":1,"level":30,"version":"5.94.2","req":{"meta":{"requestId":"1fb51ae6-5b75-44c7-9228-2e63b78ca607","userId":null},"url":"/","method":"GET","originalUrl":"/","params":{},"headers":{"host":"10.0.100.240","connection":"close","user-agent":"ELB-HealthChecker/2.0","accept-encoding":"gzip, compressed"},"query":{}},"res":{"_headers":{"x-powered-by":"Express","cache-control":"public, max-age=0","content-type":"text/html; charset=utf-8","etag":"W/\"436c-XtouctvCvdRt20JCJekerkwuUYM\"","vary":"Accept-Encoding","content-encoding":"gzip"},"statusCode":200,"responseTime":"1663ms"},"msg":"","time":"2024-09-25T00:33:10.196Z","v":0}
{"name":"Log","hostname":"668cfd4ea5c8","pid":1,"level":40,"version":"5.94.2","msg":"Ghost is shutting down","time":"2024-09-25T00:33:17.944Z","v":0}
{"name":"Log","hostname":"668cfd4ea5c8","pid":1,"level":40,"version":"5.94.2","msg":"Ghost has shut down","time":"2024-09-25T00:33:17.964Z","v":0}
{"name":"Log","hostname":"668cfd4ea5c8","pid":1,"level":40,"version":"5.94.2","msg":"Your site is now offline","time":"2024-09-25T00:33:17.965Z","v":0}
{"name":"Log","hostname":"668cfd4ea5c8","pid":1,"level":40,"version":"5.94.2","msg":"Ghost was running for a minute","time":"2024-09-25T00:33:17.978Z","v":0}
